<?xml version="1.0" encoding="UTF-8"?>
<!-- Generated by org.testng.reporters.JUnitReportReporter -->
<testsuite hostname="Sudhir" failures="0" tests="6" name="TestCases.LoginPageTest" time="4.553" errors="0" timestamp="2022-11-04T17:02:56 IST" skipped="5">
  <testcase classname="TestCases.LoginPageTest" name="loginAppTest1" time="4.553"/>
  <system-out/>
  <testcase classname="TestCases.LoginPageTest" name="verifyUrlTest">
    <skipped/>
  </testcase> <!-- verifyUrlTest -->
  <system-out/>
  <testcase classname="TestCases.LoginPageTest" name="verifyTitleTest">
    <skipped/>
  </testcase> <!-- verifyTitleTest -->
  <system-out/>
  <testcase classname="TestCases.LoginPageTest" name="loginAppTest2">
    <skipped/>
  </testcase> <!-- loginAppTest2 -->
  <system-out/>
  <testcase classname="TestCases.LoginPageTest" name="thirdlogoTest">
    <skipped/>
  </testcase> <!-- thirdlogoTest -->
  <system-out/>
  <testcase classname="TestCases.LoginPageTest" name="secondlogoTest">
    <skipped/>
  </testcase> <!-- secondlogoTest -->
  <system-out/>
</testsuite> <!-- TestCases.LoginPageTest -->
