<?xml version="1.0" encoding="UTF-8"?>
<!-- Generated by org.testng.reporters.JUnitReportReporter -->
<testsuite hostname="Sudhir" failures="0" tests="4" name="TestCases.CartPageTest" time="33.068" errors="0" timestamp="2022-11-04T17:02:56 IST" skipped="0">
  <testcase classname="TestCases.CartPageTest" name="removeMethodTest" time="6.063"/>
  <system-out/>
  <testcase classname="TestCases.CartPageTest" name="verifyOnesieLableTest" time="5.289"/>
  <system-out/>
  <testcase classname="TestCases.CartPageTest" name="verifyContentTest" time="5.278"/>
  <system-out/>
  <testcase classname="TestCases.CartPageTest" name="CheckoutMethod" time="16.438"/>
  <system-out/>
</testsuite> <!-- TestCases.CartPageTest -->
