<?xml version="1.0" encoding="UTF-8"?>
<!-- Generated by org.testng.reporters.JUnitReportReporter -->
<testsuite hostname="Sudhir" failures="0" tests="9" name="TestCases.IntoryPageFullTest" time="48.013" errors="0" timestamp="2022-11-04T17:02:56 IST" skipped="0">
  <testcase classname="TestCases.IntoryPageFullTest" name="verifyBiglogoTest" time="4.575"/>
  <system-out/>
  <testcase classname="TestCases.IntoryPageFullTest" name="add6ProductTest" time="6.779"/>
  <system-out/>
  <testcase classname="TestCases.IntoryPageFullTest" name="verifylinkdnlogoTest" time="5.431"/>
  <system-out/>
  <testcase classname="TestCases.IntoryPageFullTest" name="verifySmalllogoTest" time="4.540"/>
  <system-out/>
  <testcase classname="TestCases.IntoryPageFullTest" name="verifyNextPageUrltest" time="5.188"/>
  <system-out/>
  <testcase classname="TestCases.IntoryPageFullTest" name="verifyNextPageLableTest" time="5.181"/>
  <system-out/>
  <testcase classname="TestCases.IntoryPageFullTest" name="verifyfblogoTest" time="6.363"/>
  <system-out/>
  <testcase classname="TestCases.IntoryPageFullTest" name="verifyTwitterlogoTest" time="4.695"/>
  <system-out/>
  <testcase classname="TestCases.IntoryPageFullTest" name="addToCartProTest" time="5.261"/>
  <system-out/>
</testsuite> <!-- TestCases.IntoryPageFullTest -->
