<?xml version="1.0" encoding="UTF-8"?>
<!-- Generated by org.testng.reporters.JUnitReportReporter -->
<testsuite hostname="Sudhir" failures="0" tests="3" name="TestCases.CompleteCheckoutPageTest" time="21.191" errors="0" timestamp="2022-11-04T17:11:57 IST" skipped="0">
  <testcase classname="TestCases.CompleteCheckoutPageTest" name="verifythankyouLableTest" time="6.644"/>
  <system-out/>
  <testcase classname="TestCases.CompleteCheckoutPageTest" name="verifyPonyExpressLogoTest" time="6.805"/>
  <system-out/>
  <testcase classname="TestCases.CompleteCheckoutPageTest" name="verifytextLableTest" time="7.742"/>
  <system-out/>
</testsuite> <!-- TestCases.CompleteCheckoutPageTest -->
