<?xml version="1.0" encoding="UTF-8"?>
<!-- Generated by org.testng.reporters.JUnitReportReporter -->
<testsuite hostname="Sudhir" failures="0" tests="2" name="TestCases.InventoryPageTest" time="5.428" errors="0" timestamp="2022-10-20T11:53:39 IST" skipped="1">
  <testcase classname="TestCases.InventoryPageTest" name="addToCartTest" time="5.428"/>
  <system-out/>
  <testcase classname="TestCases.InventoryPageTest" name="verifyUrlTest">
    <skipped/>
  </testcase> <!-- verifyUrlTest -->
  <system-out/>
</testsuite> <!-- TestCases.InventoryPageTest -->
