<?xml version="1.0" encoding="UTF-8"?>
<!-- Generated by org.testng.reporters.JUnitReportReporter -->
<testsuite hostname="Sudhir" failures="0" tests="2" name="TestCases.LogoutPageTest" time="23.024" errors="0" timestamp="2022-11-04T17:02:56 IST" skipped="0">
  <testcase classname="TestCases.LogoutPageTest" name="threelineBoxTest" time="11.636"/>
  <system-out/>
  <testcase classname="TestCases.LogoutPageTest" name="verifyLoginPageLogo" time="11.388"/>
  <system-out/>
</testsuite> <!-- TestCases.LogoutPageTest -->
