<?xml version="1.0" encoding="UTF-8"?>
<!-- Generated by org.testng.reporters.JUnitReportReporter -->
<testsuite hostname="Sudhir" failures="0" tests="2" name="TestCases.FaildTest" time="7.797" errors="0" timestamp="2022-10-20T11:50:32 IST" skipped="0">
  <testcase classname="TestCases.FaildTest" name="verifyTwitterlogoTest" time="4.885"/>
  <system-out/>
  <testcase classname="TestCases.FaildTest" name="verifylinkdnlogoTest" time="2.912"/>
  <system-out/>
</testsuite> <!-- TestCases.FaildTest -->
