<?xml version="1.0" encoding="UTF-8"?>
<!-- Generated by org.testng.reporters.JUnitReportReporter -->
<testsuite hostname="Sudhir" failures="0" tests="3" name="TestCases.CheckOutPage1Test" time="18.126" errors="0" timestamp="2022-11-04T17:02:56 IST" skipped="0">
  <testcase classname="TestCases.CheckOutPage1Test" name="verifyCheckoutlableTest" time="6.116"/>
  <system-out/>
  <testcase classname="TestCases.CheckOutPage1Test" name="verifyCheckout2PageUrlTest" time="6.364"/>
  <system-out/>
  <testcase classname="TestCases.CheckOutPage1Test" name="detailInfoTest" time="5.646"/>
  <system-out/>
</testsuite> <!-- TestCases.CheckOutPage1Test -->
