<?xml version="1.0" encoding="UTF-8"?>
<!-- Generated by org.testng.reporters.JUnitReportReporter -->
<testsuite hostname="Sudhir" failures="0" tests="7" name="TestCases.CheckOutPage2Test" time="18.147" errors="0" timestamp="2022-11-04T17:02:56 IST" skipped="4">
  <testcase classname="TestCases.CheckOutPage2Test" name="verifycompleteCheckOutLableTest" time="6.453"/>
  <system-out/>
  <testcase classname="TestCases.CheckOutPage2Test" name="verifycompleteCheckOutUrlTest" time="6.006"/>
  <system-out/>
  <testcase classname="TestCases.CheckOutPage2Test" name="FinishMethodTest" time="5.688"/>
  <system-out/>
  <testcase classname="TestCases.CheckOutPage2Test" name="verifypaymentLablesTest">
    <skipped/>
  </testcase> <!-- verifypaymentLablesTest -->
  <system-out/>
  <testcase classname="TestCases.CheckOutPage2Test" name="verifydeliveryTest">
    <skipped/>
  </testcase> <!-- verifydeliveryTest -->
  <system-out/>
  <testcase classname="TestCases.CheckOutPage2Test" name="verifytaxLableTest">
    <skipped/>
  </testcase> <!-- verifytaxLableTest -->
  <system-out/>
  <testcase classname="TestCases.CheckOutPage2Test" name="verifytotalLableTest">
    <skipped/>
  </testcase> <!-- verifytotalLableTest -->
  <system-out/>
</testsuite> <!-- TestCases.CheckOutPage2Test -->
